<?xml version="1.0" encoding="UTF-8"?>
<!-- Generated by org.testng.reporters.JUnitReportReporter -->
<testsuite hostname="HP" failures="0" tests="1" name="qa.test.Testcase1" time="12.657" errors="0" timestamp="2024-08-04T23:17:56 IST" skipped="0">
  <testcase classname="qa.test.Testcase1" name="samplemethodforEnteringCredentials" time="12.657"/>
  <system-out/>
</testsuite> <!-- qa.test.Testcase1 -->
